Determining if the pthread_create exist failed with the following output:
Change Dir: /home/vermeu_v/Documents/Synthesis_Pool/jetpack2Tek3_2016/client/cmake-build-debug/CMakeFiles/CMakeTmp

Run Build Command:"/usr/bin/gmake" "cmTC_7f2d5/fast"
/usr/bin/gmake -f CMakeFiles/cmTC_7f2d5.dir/build.make CMakeFiles/cmTC_7f2d5.dir/build
gmake[1]: Entering directory '/home/vermeu_v/Documents/Synthesis_Pool/jetpack2Tek3_2016/client/cmake-build-debug/CMakeFiles/CMakeTmp'
Building C object CMakeFiles/cmTC_7f2d5.dir/CheckSymbolExists.c.o
/usr/bin/cc   -Wall -W -pedantic -g    -o CMakeFiles/cmTC_7f2d5.dir/CheckSymbolExists.c.o   -c /home/vermeu_v/Documents/Synthesis_Pool/jetpack2Tek3_2016/client/cmake-build-debug/CMakeFiles/CMakeTmp/CheckSymbolExists.c
/home/vermeu_v/Documents/Synthesis_Pool/jetpack2Tek3_2016/client/cmake-build-debug/CMakeFiles/CMakeTmp/CheckSymbolExists.c: In function ‘main’:
/home/vermeu_v/Documents/Synthesis_Pool/jetpack2Tek3_2016/client/cmake-build-debug/CMakeFiles/CMakeTmp/CheckSymbolExists.c:8:11: warning: ISO C forbids conversion of function pointer to object pointer type [-Wpedantic]
   return ((int*)(&pthread_create))[argc];
           ^
Linking C executable cmTC_7f2d5
/home/vermeu_v/Downloads/Softwares/apps/CLion/ch-0/172.3317.49/bin/cmake/bin/cmake -E cmake_link_script CMakeFiles/cmTC_7f2d5.dir/link.txt --verbose=1
/usr/bin/cc  -Wall -W -pedantic -g     CMakeFiles/cmTC_7f2d5.dir/CheckSymbolExists.c.o  -o cmTC_7f2d5 
CMakeFiles/cmTC_7f2d5.dir/CheckSymbolExists.c.o: In function `main':
/home/vermeu_v/Documents/Synthesis_Pool/jetpack2Tek3_2016/client/cmake-build-debug/CMakeFiles/CMakeTmp/CheckSymbolExists.c:8: undefined reference to `pthread_create'
collect2: error: ld returned 1 exit status
CMakeFiles/cmTC_7f2d5.dir/build.make:97: recipe for target 'cmTC_7f2d5' failed
gmake[1]: *** [cmTC_7f2d5] Error 1
gmake[1]: Leaving directory '/home/vermeu_v/Documents/Synthesis_Pool/jetpack2Tek3_2016/client/cmake-build-debug/CMakeFiles/CMakeTmp'
Makefile:126: recipe for target 'cmTC_7f2d5/fast' failed
gmake: *** [cmTC_7f2d5/fast] Error 2

File /home/vermeu_v/Documents/Synthesis_Pool/jetpack2Tek3_2016/client/cmake-build-debug/CMakeFiles/CMakeTmp/CheckSymbolExists.c:
/* */
#include <pthread.h>

int main(int argc, char** argv)
{
  (void)argv;
#ifndef pthread_create
  return ((int*)(&pthread_create))[argc];
#else
  (void)argc;
  return 0;
#endif
}

Determining if the function pthread_create exists in the pthreads failed with the following output:
Change Dir: /home/vermeu_v/Documents/Synthesis_Pool/jetpack2Tek3_2016/client/cmake-build-debug/CMakeFiles/CMakeTmp

Run Build Command:"/usr/bin/gmake" "cmTC_f04b8/fast"
/usr/bin/gmake -f CMakeFiles/cmTC_f04b8.dir/build.make CMakeFiles/cmTC_f04b8.dir/build
gmake[1]: Entering directory '/home/vermeu_v/Documents/Synthesis_Pool/jetpack2Tek3_2016/client/cmake-build-debug/CMakeFiles/CMakeTmp'
Building C object CMakeFiles/cmTC_f04b8.dir/CheckFunctionExists.c.o
/usr/bin/cc   -Wall -W -pedantic -g -DCHECK_FUNCTION_EXISTS=pthread_create   -o CMakeFiles/cmTC_f04b8.dir/CheckFunctionExists.c.o   -c /home/vermeu_v/Downloads/Softwares/apps/CLion/ch-0/172.3317.49/bin/cmake/share/cmake-3.8/Modules/CheckFunctionExists.c
Linking C executable cmTC_f04b8
/home/vermeu_v/Downloads/Softwares/apps/CLion/ch-0/172.3317.49/bin/cmake/bin/cmake -E cmake_link_script CMakeFiles/cmTC_f04b8.dir/link.txt --verbose=1
/usr/bin/cc  -Wall -W -pedantic -g -DCHECK_FUNCTION_EXISTS=pthread_create    CMakeFiles/cmTC_f04b8.dir/CheckFunctionExists.c.o  -o cmTC_f04b8 -lpthreads 
/usr/bin/ld: cannot find -lpthreads
collect2: error: ld returned 1 exit status
CMakeFiles/cmTC_f04b8.dir/build.make:97: recipe for target 'cmTC_f04b8' failed
gmake[1]: *** [cmTC_f04b8] Error 1
gmake[1]: Leaving directory '/home/vermeu_v/Documents/Synthesis_Pool/jetpack2Tek3_2016/client/cmake-build-debug/CMakeFiles/CMakeTmp'
Makefile:126: recipe for target 'cmTC_f04b8/fast' failed
gmake: *** [cmTC_f04b8/fast] Error 2


